1720729635277:hello
1720729654371:help
1720761072535:add 1 2
1720761081955:add -
1720761119674:add --b 10 --a 1
1720761129534:add -
1720761212044:help
1720761508304:add-two-number 1 2
1720761525317:add-two-numbers 1 2
1720761578259:help
1720761593843:add 1 2
1720762064211:help
1720762067972:sum 1 2 3
1720762077088:sum 1 1
1720762080134:sum 1 1 1 1
1720763982776:div help
1720763989949:div 12 0
1720766198677:help
1720766207424:add-pswd help
1720766220212:add-pswd -p abdulloh
1720766229519:get-pswd
1720767316766:help
1720767335328:create-pswd-len -l 3 -p abc
1720767345145:get-pswd
1720767368558:create-pswd-len -l 1 -p qqq
1720767372771:get-pswd
1720767700442:help
1720767727595:shorten-url asfdsdfgfddsfgdsfgdsfgdgd
1720767740025:get-url
1720767756107:get url 4d69254f
1720767767441:get-url 4d69254f
